This file contains any messages produced by compilers while
running configure, to aid debugging if configure makes a mistake.

It was created by ASIM airblue configure 0.6, which was
generated by GNU Autoconf 2.65.  Invocation command line was

  $ ./configure 

## --------- ##
## Platform. ##
## --------- ##

hostname = honor
uname -m = x86_64
uname -r = 2.6.32-33-generic
uname -s = Linux
uname -v = #70-Ubuntu SMP Thu Jul 7 21:13:52 UTC 2011

/usr/bin/uname -p = unknown
/bin/uname -X     = unknown

/bin/arch              = unknown
/usr/bin/arch -k       = unknown
/usr/convex/getsysinfo = unknown
/usr/bin/hostinfo      = unknown
/bin/machine           = unknown
/usr/bin/oslevel       = unknown
/bin/universe          = unknown

PATH: /afs/csail.mit.edu/group/csg/tools_lx86/altera/quartus/bin
PATH: /afs/csail.mit.edu/group/csg/tools_lx86/xilinx/bin64/
PATH: /usr/hasim/bin
PATH: /home/mcn02/matlab_install/bin/
PATH: /home/kfleming/modeltech/linux_x86_64/
PATH: /home/kfleming/zpu/bin
PATH: /afs/csail.mit.edu/group/csg/tools_lx86/icarus/0.9.2/bin/
PATH: /afs/csail.mit.edu/group/csg/tools_lx86/synplify/bin64/
PATH: /afs/csail.mit.edu/group/csg/tools_lx86_64/condor/awb/current/bin/
PATH: /afs/csail.mit.edu/group/csg/tools_lx86/altera/quartus/bin
PATH: /afs/csail.mit.edu/group/csg/tools_lx86/bluespec/current_awb/lib//bin
PATH: /afs/csail.mit.edu/group/csg/tools_lx86/xilinx/bin64/
PATH: /afs/csail.mit.edu/group/csg/tools_lx86/scons/1.2/bin/
PATH: /afs/.csail.mit.edu/group/csg/tools_lx86_64/condor/perl/5.10.1/bin/
PATH: /afs/csail.mit.edu/group/csg/tools_lx86_64/condor/nightly/bin/
PATH: /usr/hasim/bin/
PATH: /usr/local/sbin
PATH: /usr/local/bin
PATH: /usr/sbin
PATH: /usr/bin
PATH: /sbin
PATH: /bin
PATH: /usr/games


## ----------- ##
## Core tests. ##
## ----------- ##

configure:1815: checking for asimstarter
configure:1833: found /afs/csail.mit.edu/group/csg/tools_lx86_64/condor/awb/current/bin//asimstarter
configure:1845: result: /afs/csail.mit.edu/group/csg/tools_lx86_64/condor/awb/current/bin//asimstarter
configure:1944: checking for a BSD-compatible install
configure:2012: result: /usr/bin/install -c
configure:2023: checking whether build environment is sane
configure:2073: result: yes
configure:2214: checking for a thread-safe mkdir -p
configure:2253: result: /bin/mkdir -p
configure:2266: checking for gawk
configure:2282: found /usr/bin/gawk
configure:2293: result: gawk
configure:2304: checking whether make sets $(MAKE)
configure:2326: result: yes
configure:2487: checking for gcc
configure:2503: found /usr/bin/gcc
configure:2514: result: gcc
configure:2743: checking for C compiler version
configure:2752: gcc --version >&5
gcc (Ubuntu 4.4.3-4ubuntu5.1) 4.4.3
Copyright (C) 2009 Free Software Foundation, Inc.
This is free software; see the source for copying conditions.  There is NO
warranty; not even for MERCHANTABILITY or FITNESS FOR A PARTICULAR PURPOSE.

configure:2763: $? = 0
configure:2752: gcc -v >&5
Using built-in specs.
Target: x86_64-linux-gnu
Configured with: ../src/configure -v --with-pkgversion='Ubuntu 4.4.3-4ubuntu5.1' --with-bugurl=file:///usr/share/doc/gcc-4.4/README.Bugs --enable-languages=c,c++,fortran,objc,obj-c++ --prefix=/usr --enable-shared --enable-multiarch --enable-linker-build-id --with-system-zlib --libexecdir=/usr/lib --without-included-gettext --enable-threads=posix --with-gxx-include-dir=/usr/include/c++/4.4 --program-suffix=-4.4 --enable-nls --enable-clocale=gnu --enable-libstdcxx-debug --enable-plugin --enable-objc-gc --disable-werror --with-arch-32=i486 --with-tune=generic --enable-checking=release --build=x86_64-linux-gnu --host=x86_64-linux-gnu --target=x86_64-linux-gnu
Thread model: posix
gcc version 4.4.3 (Ubuntu 4.4.3-4ubuntu5.1) 
configure:2763: $? = 0
configure:2752: gcc -V >&5
gcc: '-V' option must have argument
configure:2763: $? = 1
configure:2752: gcc -qversion >&5
gcc: unrecognized option '-qversion'
gcc: no input files
configure:2763: $? = 1
configure:2783: checking whether the C compiler works
configure:2805: gcc    conftest.c  >&5
configure:2809: $? = 0
configure:2858: result: yes
configure:2861: checking for C compiler default output file name
configure:2863: result: a.out
configure:2869: checking for suffix of executables
configure:2876: gcc -o conftest    conftest.c  >&5
configure:2880: $? = 0
configure:2902: result: 
configure:2924: checking whether we are cross compiling
configure:2932: gcc -o conftest    conftest.c  >&5
configure:2936: $? = 0
configure:2943: ./conftest
configure:2947: $? = 0
configure:2962: result: no
configure:2967: checking for suffix of object files
configure:2989: gcc -c   conftest.c >&5
configure:2993: $? = 0
configure:3014: result: o
configure:3018: checking whether we are using the GNU C compiler
configure:3037: gcc -c   conftest.c >&5
configure:3037: $? = 0
configure:3046: result: yes
configure:3055: checking whether gcc accepts -g
configure:3075: gcc -c -g  conftest.c >&5
configure:3075: $? = 0
configure:3116: result: yes
configure:3133: checking for gcc option to accept ISO C89
configure:3197: gcc  -c -g -O2  conftest.c >&5
configure:3197: $? = 0
configure:3210: result: none needed
configure:3241: checking for style of include used by make
configure:3269: result: GNU
configure:3294: checking dependency style of gcc
configure:3404: result: none
configure:3477: checking for g++
configure:3493: found /usr/bin/g++
configure:3504: result: g++
configure:3531: checking for C++ compiler version
configure:3540: g++ --version >&5
g++ (Ubuntu 4.4.3-4ubuntu5.1) 4.4.3
Copyright (C) 2009 Free Software Foundation, Inc.
This is free software; see the source for copying conditions.  There is NO
warranty; not even for MERCHANTABILITY or FITNESS FOR A PARTICULAR PURPOSE.

configure:3551: $? = 0
configure:3540: g++ -v >&5
Using built-in specs.
Target: x86_64-linux-gnu
Configured with: ../src/configure -v --with-pkgversion='Ubuntu 4.4.3-4ubuntu5.1' --with-bugurl=file:///usr/share/doc/gcc-4.4/README.Bugs --enable-languages=c,c++,fortran,objc,obj-c++ --prefix=/usr --enable-shared --enable-multiarch --enable-linker-build-id --with-system-zlib --libexecdir=/usr/lib --without-included-gettext --enable-threads=posix --with-gxx-include-dir=/usr/include/c++/4.4 --program-suffix=-4.4 --enable-nls --enable-clocale=gnu --enable-libstdcxx-debug --enable-plugin --enable-objc-gc --disable-werror --with-arch-32=i486 --with-tune=generic --enable-checking=release --build=x86_64-linux-gnu --host=x86_64-linux-gnu --target=x86_64-linux-gnu
Thread model: posix
gcc version 4.4.3 (Ubuntu 4.4.3-4ubuntu5.1) 
configure:3551: $? = 0
configure:3540: g++ -V >&5
g++: '-V' option must have argument
configure:3551: $? = 1
configure:3540: g++ -qversion >&5
g++: unrecognized option '-qversion'
g++: no input files
configure:3551: $? = 1
configure:3555: checking whether we are using the GNU C++ compiler
configure:3574: g++ -c   conftest.cpp >&5
configure:3574: $? = 0
configure:3583: result: yes
configure:3592: checking whether g++ accepts -g
configure:3612: g++ -c -g  conftest.cpp >&5
configure:3612: $? = 0
configure:3653: result: yes
configure:3678: checking dependency style of g++
configure:3788: result: none
configure:3803: checking whether ln -s works
configure:3807: result: yes
configure:3818: checking for scons
configure:3834: found /afs/csail.mit.edu/group/csg/tools_lx86/scons/1.2/bin//scons
configure:3845: result: yes
configure:3990: creating ./config.status

## ---------------------- ##
## Running config.status. ##
## ---------------------- ##

This file was extended by ASIM airblue config.status 0.6, which was
generated by GNU Autoconf 2.65.  Invocation command line was

  CONFIG_FILES    = 
  CONFIG_HEADERS  = 
  CONFIG_LINKS    = 
  CONFIG_COMMANDS = 
  $ ./config.status 

on honor

config.status:854: creating Makefile
config.status:854: creating include/config.h
config.status:1074: executing depfiles commands

## ---------------- ##
## Cache variables. ##
## ---------------- ##

ac_cv_c_compiler_gnu=yes
ac_cv_cxx_compiler_gnu=yes
ac_cv_env_CCC_set=
ac_cv_env_CCC_value=
ac_cv_env_CC_set=
ac_cv_env_CC_value=
ac_cv_env_CFLAGS_set=
ac_cv_env_CFLAGS_value=
ac_cv_env_CPPFLAGS_set=
ac_cv_env_CPPFLAGS_value=
ac_cv_env_CXXFLAGS_set=
ac_cv_env_CXXFLAGS_value=
ac_cv_env_CXX_set=
ac_cv_env_CXX_value=
ac_cv_env_LDFLAGS_set=
ac_cv_env_LDFLAGS_value=
ac_cv_env_LIBS_set=
ac_cv_env_LIBS_value=
ac_cv_env_build_alias_set=
ac_cv_env_build_alias_value=
ac_cv_env_host_alias_set=
ac_cv_env_host_alias_value=
ac_cv_env_target_alias_set=
ac_cv_env_target_alias_value=
ac_cv_objext=o
ac_cv_path_ac_prefix_program=/afs/csail.mit.edu/group/csg/tools_lx86_64/condor/awb/current/bin//asimstarter
ac_cv_path_install='/usr/bin/install -c'
ac_cv_path_mkdir=/bin/mkdir
ac_cv_prog_AWK=gawk
ac_cv_prog_ac_ct_CC=gcc
ac_cv_prog_ac_ct_CXX=g++
ac_cv_prog_cc_c89=
ac_cv_prog_cc_g=yes
ac_cv_prog_cxx_g=yes
ac_cv_prog_have_scons=yes
ac_cv_prog_make_make_set=yes
am_cv_CC_dependencies_compiler_type=none
am_cv_CXX_dependencies_compiler_type=none

## ----------------- ##
## Output variables. ##
## ----------------- ##

ACLOCAL='${SHELL} /home/saqib/abws/src/airblue/aux-scripts/missing --run aclocal-1.11'
AMDEPBACKSLASH='\'
AMDEP_FALSE='#'
AMDEP_TRUE=''
AMTAR='${SHELL} /home/saqib/abws/src/airblue/aux-scripts/missing --run tar'
AM_CXXFLAGS='$(WARNFLAGS) $(OPTFLAGS) $(ARCHFLAGS)'
AM_LDFLAGS='$(ARCHFLAGS)'
AUTOCONF='${SHELL} /home/saqib/abws/src/airblue/aux-scripts/missing --run autoconf'
AUTOHEADER='${SHELL} /home/saqib/abws/src/airblue/aux-scripts/missing --run autoheader'
AUTOMAKE='${SHELL} /home/saqib/abws/src/airblue/aux-scripts/missing --run automake-1.11'
AWK='gawk'
CC='gcc'
CCDEPMODE='depmode=none'
CFLAGS='-g -O2'
CPPFLAGS=''
CXX='g++'
CXXDEPMODE='depmode=none'
CXXFLAGS='-g -O2'
CYGPATH_W='echo'
DEFS='-DHAVE_CONFIG_H'
DEPDIR='.deps'
ECHO_C=''
ECHO_N='-n'
ECHO_T=''
EXEEXT=''
INSTALL_DATA='${INSTALL} -m 644'
INSTALL_PROGRAM='${INSTALL}'
INSTALL_SCRIPT='${INSTALL}'
INSTALL_STRIP_PROGRAM='$(install_sh) -c -s'
LDFLAGS=''
LIBOBJS=''
LIBS=''
LN_S='ln -s'
LTLIBOBJS=''
MAKEINFO='${SHELL} /home/saqib/abws/src/airblue/aux-scripts/missing --run makeinfo'
MKDIR_P='/bin/mkdir -p'
OBJEXT='o'
PACKAGE='airblue'
PACKAGE_BUGREPORT='emer@csail.mit.edu'
PACKAGE_NAME='ASIM airblue'
PACKAGE_STRING='ASIM airblue 0.6'
PACKAGE_TARNAME='airblue'
PACKAGE_URL=''
PACKAGE_VERSION='0.6'
PATH_SEPARATOR=':'
SET_MAKE=''
SHELL='/bin/bash'
STRIP=''
VERSION='0.6'
ac_ct_CC='gcc'
ac_ct_CXX='g++'
ac_prefix_program='/afs/csail.mit.edu/group/csg/tools_lx86_64/condor/awb/current/bin//asimstarter'
am__EXEEXT_FALSE=''
am__EXEEXT_TRUE='#'
am__fastdepCC_FALSE=''
am__fastdepCC_TRUE='#'
am__fastdepCXX_FALSE=''
am__fastdepCXX_TRUE='#'
am__include='include'
am__isrc=''
am__leading_dot='.'
am__quote=''
am__tar='${AMTAR} chof - "$$tardir"'
am__untar='${AMTAR} xf -'
bindir='${exec_prefix}/bin'
build_alias=''
codedir='${packagedir}/${package}/${release}'
configdir='${sysconfdir}/asim/${release}'
datadir='${datarootdir}'
datarootdir='${prefix}/share'
docdir='${datarootdir}/doc/${PACKAGE_TARNAME}'
dvidir='${docdir}'
exec_prefix='${prefix}'
have_scons='yes'
host_alias=''
htmldir='${docdir}'
includedir='${prefix}/include'
infodir='${datarootdir}/info'
install_sh='${SHELL} /home/saqib/abws/src/airblue/aux-scripts/install-sh'
libdir='${exec_prefix}/lib'
libexecdir='${exec_prefix}/libexec'
localedir='${datarootdir}/locale'
localstatedir='${prefix}/var'
mandir='${datarootdir}/man'
mkdir_p='/bin/mkdir -p'
oldincludedir='/usr/include'
package='airblue'
packagedir='${datadir}/asim/packages'
pdfdir='${docdir}'
prefix='/afs/csail.mit.edu/group/csg/tools_lx86_64/condor/awb/current'
program_transform_name='s,x,x,'
psdir='${docdir}'
release='HEAD'
sbindir='${exec_prefix}/sbin'
sharedstatedir='${prefix}/com'
sysconfdir='${prefix}/etc'
target_alias=''
tooldir='${libexecdir}/asim/HEAD'

## ----------- ##
## confdefs.h. ##
## ----------- ##

/* confdefs.h */
#define PACKAGE_NAME "ASIM airblue"
#define PACKAGE_TARNAME "airblue"
#define PACKAGE_VERSION "0.6"
#define PACKAGE_STRING "ASIM airblue 0.6"
#define PACKAGE_BUGREPORT "emer@csail.mit.edu"
#define PACKAGE_URL ""
#define PACKAGE "airblue"
#define VERSION "0.6"

configure: exit 0
